  [1m[35m (1.4ms)[0m  [1m[35mCREATE TABLE "schema_migrations" ("version" varchar NOT NULL PRIMARY KEY)[0m
  [1m[35m (1.1ms)[0m  [1m[35mCREATE TABLE "ar_internal_metadata" ("key" varchar NOT NULL PRIMARY KEY, "value" varchar, "created_at" datetime NOT NULL, "updated_at" datetime NOT NULL)[0m
  [1m[36mActiveRecord::SchemaMigration Load (0.1ms)[0m  [1m[34mSELECT "schema_migrations".* FROM "schema_migrations"[0m
Migrating to CreateBooks (20170612111939)
  [1m[35m (0.1ms)[0m  [1m[36mbegin transaction[0m
  [1m[35m (0.3ms)[0m  [1m[35mCREATE TABLE "books" ("id" INTEGER PRIMARY KEY AUTOINCREMENT NOT NULL, "title" varchar, "price" integer, "description" text, "rating" integer, "created_at" datetime NOT NULL, "updated_at" datetime NOT NULL)[0m
  [1m[35mSQL (0.1ms)[0m  [1m[32mINSERT INTO "schema_migrations" ("version") VALUES (?)[0m  [["version", "20170612111939"]]
  [1m[35m (1.0ms)[0m  [1m[36mcommit transaction[0m
  [1m[36mActiveRecord::InternalMetadata Load (0.1ms)[0m  [1m[34mSELECT  "ar_internal_metadata".* FROM "ar_internal_metadata" WHERE "ar_internal_metadata"."key" = ? LIMIT ?[0m  [["key", "environment"], ["LIMIT", 1]]
  [1m[35m (0.0ms)[0m  [1m[36mbegin transaction[0m
  [1m[35mSQL (0.2ms)[0m  [1m[32mINSERT INTO "ar_internal_metadata" ("key", "value", "created_at", "updated_at") VALUES (?, ?, ?, ?)[0m  [["key", "environment"], ["value", "development"], ["created_at", "2017-06-12 11:21:25.577204"], ["updated_at", "2017-06-12 11:21:25.577204"]]
  [1m[35m (1.1ms)[0m  [1m[36mcommit transaction[0m
  [1m[36mActiveRecord::SchemaMigration Load (0.1ms)[0m  [1m[34mSELECT "schema_migrations".* FROM "schema_migrations"[0m
Started GET "/books" for 127.0.0.1 at 2017-06-12 20:21:58 +0900
  [1m[36mActiveRecord::SchemaMigration Load (0.2ms)[0m  [1m[34mSELECT "schema_migrations".* FROM "schema_migrations"[0m
Processing by BooksController#index as HTML
  Rendering books/index.html.erb within layouts/application
  [1m[36mBook Load (0.1ms)[0m  [1m[34mSELECT "books".* FROM "books"[0m
  Rendered books/index.html.erb within layouts/application (8.7ms)
Completed 200 OK in 533ms (Views: 519.4ms | ActiveRecord: 0.4ms)


Started GET "/books/new" for 127.0.0.1 at 2017-06-12 20:22:06 +0900
Processing by BooksController#new as HTML
  Rendering books/new.html.erb within layouts/application
  Rendered books/_form.html.erb (28.2ms)
  Rendered books/new.html.erb within layouts/application (30.0ms)
Completed 200 OK in 69ms (Views: 55.8ms | ActiveRecord: 0.7ms)


Started GET "/books" for 127.0.0.1 at 2017-06-13 10:46:39 +0900
  [1m[36mActiveRecord::SchemaMigration Load (0.6ms)[0m  [1m[34mSELECT "schema_migrations".* FROM "schema_migrations"[0m
Processing by BooksController#index as HTML
  Rendering books/index.html.erb within layouts/application
  [1m[36mBook Load (0.4ms)[0m  [1m[34mSELECT "books".* FROM "books"[0m
  Rendered books/index.html.erb within layouts/application (8.1ms)
Completed 200 OK in 240ms (Views: 227.1ms | ActiveRecord: 0.7ms)


Started GET "/books" for 127.0.0.1 at 2017-06-13 10:46:45 +0900
Processing by BooksController#index as HTML
  Rendering books/index.html.erb within layouts/application
  [1m[36mBook Load (0.4ms)[0m  [1m[34mSELECT "books".* FROM "books"[0m
  Rendered books/index.html.erb within layouts/application (1.9ms)
Completed 200 OK in 19ms (Views: 16.3ms | ActiveRecord: 0.4ms)


Started GET "/books/new" for 127.0.0.1 at 2017-06-13 10:46:47 +0900
Processing by BooksController#new as HTML
  Rendering books/new.html.erb within layouts/application
  Rendered books/_form.html.erb (17.2ms)
  Rendered books/new.html.erb within layouts/application (19.1ms)
Completed 200 OK in 47ms (Views: 37.9ms | ActiveRecord: 1.4ms)


Started GET "/books" for 127.0.0.1 at 2017-06-13 10:46:49 +0900
Processing by BooksController#index as HTML
  Rendering books/index.html.erb within layouts/application
  [1m[36mBook Load (0.1ms)[0m  [1m[34mSELECT "books".* FROM "books"[0m
  Rendered books/index.html.erb within layouts/application (1.5ms)
Completed 200 OK in 27ms (Views: 22.7ms | ActiveRecord: 0.1ms)


Started GET "/books/new" for 127.0.0.1 at 2017-06-13 10:46:52 +0900
Processing by BooksController#new as HTML
  Rendering books/new.html.erb within layouts/application
  Rendered books/_form.html.erb (3.5ms)
  Rendered books/new.html.erb within layouts/application (5.8ms)
Completed 200 OK in 38ms (Views: 35.0ms | ActiveRecord: 0.0ms)


Started POST "/books" for 127.0.0.1 at 2017-06-13 10:47:18 +0900
Processing by BooksController#create as HTML
  Parameters: {"utf8"=>"âœ“", "authenticity_token"=>"T8U7B82h9wXx5lqCwhaAMy2urvutbAf8IrH+NXQ3bfSvGfDGkXP9mO1C42nCBlFKb0slV2VvxF3QJJ1aFc7ewQ==", "book"=>{"title"=>"rails", "price"=>"2500", "description"=>"railsã«é–¢ã™ã‚‹æœ¬ã§ã™ã€‚", "rating"=>"100"}, "commit"=>"Create Book"}
  [1m[35m (0.1ms)[0m  [1m[36mbegin transaction[0m
  [1m[35mSQL (0.7ms)[0m  [1m[32mINSERT INTO "books" ("title", "price", "description", "rating", "created_at", "updated_at") VALUES (?, ?, ?, ?, ?, ?)[0m  [["title", "rails"], ["price", 2500], ["description", "railsã«é–¢ã™ã‚‹æœ¬ã§ã™ã€‚"], ["rating", 100], ["created_at", "2017-06-13 01:47:18.468061"], ["updated_at", "2017-06-13 01:47:18.468061"]]
  [1m[35m (1.3ms)[0m  [1m[36mcommit transaction[0m
Redirected to http://localhost:3000/books/1
Completed 302 Found in 7ms (ActiveRecord: 2.0ms)


Started GET "/books/1" for 127.0.0.1 at 2017-06-13 10:47:18 +0900
Processing by BooksController#show as HTML
  Parameters: {"id"=>"1"}
  [1m[36mBook Load (0.2ms)[0m  [1m[34mSELECT  "books".* FROM "books" WHERE "books"."id" = ? LIMIT ?[0m  [["id", 1], ["LIMIT", 1]]
  Rendering books/show.html.erb within layouts/application
  Rendered books/show.html.erb within layouts/application (0.8ms)
Completed 200 OK in 22ms (Views: 16.6ms | ActiveRecord: 0.2ms)


Started GET "/books/1/edit" for 127.0.0.1 at 2017-06-13 10:47:27 +0900
Processing by BooksController#edit as HTML
  Parameters: {"id"=>"1"}
  [1m[36mBook Load (0.1ms)[0m  [1m[34mSELECT  "books".* FROM "books" WHERE "books"."id" = ? LIMIT ?[0m  [["id", 1], ["LIMIT", 1]]
  Rendering books/edit.html.erb within layouts/application
  Rendered books/_form.html.erb (3.0ms)
  Rendered books/edit.html.erb within layouts/application (5.4ms)
Completed 200 OK in 28ms (Views: 25.2ms | ActiveRecord: 0.1ms)


Started PATCH "/books/1" for 127.0.0.1 at 2017-06-13 10:47:37 +0900
Processing by BooksController#update as HTML
  Parameters: {"utf8"=>"âœ“", "authenticity_token"=>"JUrBo9UlVjhz8yP/8V5a/8a2ohsqpWlmNbm3rAm+caTr9qmr+dZMyBiJVttGyMBulS3ZsfGhbXtAr8mlOtUGfQ==", "book"=>{"title"=>"rails", "price"=>"2470", "description"=>"railsã«é–¢ã™ã‚‹æœ¬ã§ã™ã€‚", "rating"=>"100"}, "commit"=>"Update Book", "id"=>"1"}
  [1m[36mBook Load (0.1ms)[0m  [1m[34mSELECT  "books".* FROM "books" WHERE "books"."id" = ? LIMIT ?[0m  [["id", 1], ["LIMIT", 1]]
  [1m[35m (0.1ms)[0m  [1m[36mbegin transaction[0m
  [1m[35mSQL (0.3ms)[0m  [1m[33mUPDATE "books" SET "price" = ?, "updated_at" = ? WHERE "books"."id" = ?[0m  [["price", 2470], ["updated_at", "2017-06-13 01:47:37.362575"], ["id", 1]]
  [1m[35m (2.6ms)[0m  [1m[36mcommit transaction[0m
Redirected to http://localhost:3000/books/1
Completed 302 Found in 8ms (ActiveRecord: 3.0ms)


Started GET "/books/1" for 127.0.0.1 at 2017-06-13 10:47:37 +0900
Processing by BooksController#show as HTML
  Parameters: {"id"=>"1"}
  [1m[36mBook Load (0.1ms)[0m  [1m[34mSELECT  "books".* FROM "books" WHERE "books"."id" = ? LIMIT ?[0m  [["id", 1], ["LIMIT", 1]]
  Rendering books/show.html.erb within layouts/application
  Rendered books/show.html.erb within layouts/application (0.7ms)
Completed 200 OK in 42ms (Views: 39.5ms | ActiveRecord: 0.1ms)


Started GET "/books/1/edit" for 127.0.0.1 at 2017-06-13 10:47:39 +0900
Processing by BooksController#edit as HTML
  Parameters: {"id"=>"1"}
  [1m[36mBook Load (0.1ms)[0m  [1m[34mSELECT  "books".* FROM "books" WHERE "books"."id" = ? LIMIT ?[0m  [["id", 1], ["LIMIT", 1]]
  Rendering books/edit.html.erb within layouts/application
  Rendered books/_form.html.erb (3.0ms)
  Rendered books/edit.html.erb within layouts/application (5.5ms)
Completed 200 OK in 30ms (Views: 27.8ms | ActiveRecord: 0.1ms)


Started GET "/books/1" for 127.0.0.1 at 2017-06-13 10:47:40 +0900
Processing by BooksController#show as HTML
  Parameters: {"id"=>"1"}
  [1m[36mBook Load (0.2ms)[0m  [1m[34mSELECT  "books".* FROM "books" WHERE "books"."id" = ? LIMIT ?[0m  [["id", 1], ["LIMIT", 1]]
  Rendering books/show.html.erb within layouts/application
  Rendered books/show.html.erb within layouts/application (1.4ms)
Completed 200 OK in 29ms (Views: 25.2ms | ActiveRecord: 0.2ms)


Started GET "/books/1/edit" for 127.0.0.1 at 2017-06-13 10:47:43 +0900
Processing by BooksController#edit as HTML
  Parameters: {"id"=>"1"}
  [1m[36mBook Load (0.2ms)[0m  [1m[34mSELECT  "books".* FROM "books" WHERE "books"."id" = ? LIMIT ?[0m  [["id", 1], ["LIMIT", 1]]
  Rendering books/edit.html.erb within layouts/application
  Rendered books/_form.html.erb (5.7ms)
  Rendered books/edit.html.erb within layouts/application (8.7ms)
Completed 200 OK in 39ms (Views: 34.4ms | ActiveRecord: 0.2ms)


Started GET "/books" for 127.0.0.1 at 2017-06-13 10:47:45 +0900
Processing by BooksController#index as HTML
  Rendering books/index.html.erb within layouts/application
  [1m[36mBook Load (0.2ms)[0m  [1m[34mSELECT "books".* FROM "books"[0m
  Rendered books/index.html.erb within layouts/application (2.7ms)
Completed 200 OK in 32ms (Views: 28.3ms | ActiveRecord: 0.2ms)


Started GET "/books/new" for 127.0.0.1 at 2017-06-13 10:47:51 +0900
Processing by BooksController#new as HTML
  Rendering books/new.html.erb within layouts/application
  Rendered books/_form.html.erb (10.4ms)
  Rendered books/new.html.erb within layouts/application (13.2ms)
Completed 200 OK in 38ms (Views: 35.7ms | ActiveRecord: 0.0ms)


Started POST "/books" for 127.0.0.1 at 2017-06-13 10:48:18 +0900
Processing by BooksController#create as HTML
  Parameters: {"utf8"=>"âœ“", "authenticity_token"=>"LefbUI4ZMuChcEryhC5NuI5gat1BgFUTmz+0Ee43o3vNOxCR0ss4fb3U8xmEPpzBzIXhcYmDlrJpqtd+j84QTg==", "book"=>{"title"=>"ãƒ«ãƒ“ãƒ¼ã¯é›£ã—ã„", "price"=>"500", "description"=>"ãªã‚“ã ã‹ãªãƒ¼", "rating"=>"20"}, "commit"=>"Create Book"}
  [1m[35m (0.1ms)[0m  [1m[36mbegin transaction[0m
  [1m[35mSQL (0.3ms)[0m  [1m[32mINSERT INTO "books" ("title", "price", "description", "rating", "created_at", "updated_at") VALUES (?, ?, ?, ?, ?, ?)[0m  [["title", "ãƒ«ãƒ“ãƒ¼ã¯é›£ã—ã„"], ["price", 500], ["description", "ãªã‚“ã ã‹ãªãƒ¼"], ["rating", 20], ["created_at", "2017-06-13 01:48:18.158126"], ["updated_at", "2017-06-13 01:48:18.158126"]]
  [1m[35m (1.3ms)[0m  [1m[36mcommit transaction[0m
Redirected to http://localhost:3000/books/2
Completed 302 Found in 5ms (ActiveRecord: 1.7ms)


Started GET "/books/2" for 127.0.0.1 at 2017-06-13 10:48:18 +0900
Processing by BooksController#show as HTML
  Parameters: {"id"=>"2"}
  [1m[36mBook Load (0.1ms)[0m  [1m[34mSELECT  "books".* FROM "books" WHERE "books"."id" = ? LIMIT ?[0m  [["id", 2], ["LIMIT", 1]]
  Rendering books/show.html.erb within layouts/application
  Rendered books/show.html.erb within layouts/application (1.0ms)
Completed 200 OK in 23ms (Views: 20.5ms | ActiveRecord: 0.1ms)


Started GET "/books" for 127.0.0.1 at 2017-06-13 10:48:24 +0900
Processing by BooksController#index as HTML
  Rendering books/index.html.erb within layouts/application
  [1m[36mBook Load (0.2ms)[0m  [1m[34mSELECT "books".* FROM "books"[0m
  Rendered books/index.html.erb within layouts/application (2.9ms)
Completed 200 OK in 30ms (Views: 28.1ms | ActiveRecord: 0.2ms)


Started GET "/books/new" for 127.0.0.1 at 2017-06-13 10:49:26 +0900
Processing by BooksController#new as HTML
  Rendering books/new.html.erb within layouts/application
  Rendered books/_form.html.erb (3.2ms)
  Rendered books/new.html.erb within layouts/application (5.4ms)
Completed 200 OK in 34ms (Views: 31.3ms | ActiveRecord: 0.0ms)


Started GET "/books" for 127.0.0.1 at 2017-06-13 10:50:03 +0900
Processing by BooksController#index as HTML
  Rendering books/index.html.erb within layouts/application
  [1m[36mBook Load (0.2ms)[0m  [1m[34mSELECT "books".* FROM "books"[0m
  Rendered books/index.html.erb within layouts/application (4.2ms)
Completed 200 OK in 31ms (Views: 28.4ms | ActiveRecord: 0.2ms)


Started GET "/books/2" for 127.0.0.1 at 2017-06-13 10:50:05 +0900
Processing by BooksController#show as HTML
  Parameters: {"id"=>"2"}
  [1m[36mBook Load (0.2ms)[0m  [1m[34mSELECT  "books".* FROM "books" WHERE "books"."id" = ? LIMIT ?[0m  [["id", 2], ["LIMIT", 1]]
  Rendering books/show.html.erb within layouts/application
  Rendered books/show.html.erb within layouts/application (1.1ms)
Completed 200 OK in 29ms (Views: 24.1ms | ActiveRecord: 0.2ms)


Started GET "/books" for 127.0.0.1 at 2017-06-13 10:50:25 +0900
Processing by BooksController#index as HTML
  Rendering books/index.html.erb within layouts/application
  [1m[36mBook Load (0.3ms)[0m  [1m[34mSELECT "books".* FROM "books"[0m
  Rendered books/index.html.erb within layouts/application (3.1ms)
Completed 200 OK in 35ms (Views: 31.5ms | ActiveRecord: 0.3ms)


Started GET "/books/1" for 127.0.0.1 at 2017-06-13 10:50:28 +0900
Processing by BooksController#show as HTML
  Parameters: {"id"=>"1"}
  [1m[36mBook Load (1.2ms)[0m  [1m[34mSELECT  "books".* FROM "books" WHERE "books"."id" = ? LIMIT ?[0m  [["id", 1], ["LIMIT", 1]]
  Rendering books/show.html.erb within layouts/application
  Rendered books/show.html.erb within layouts/application (1.3ms)
Completed 200 OK in 24ms (Views: 20.4ms | ActiveRecord: 1.2ms)


Started GET "/books" for 127.0.0.1 at 2017-06-13 10:50:30 +0900
Processing by BooksController#index as HTML
  Rendering books/index.html.erb within layouts/application
  [1m[36mBook Load (0.3ms)[0m  [1m[34mSELECT "books".* FROM "books"[0m
  Rendered books/index.html.erb within layouts/application (2.7ms)
Completed 200 OK in 31ms (Views: 27.7ms | ActiveRecord: 0.3ms)


Started DELETE "/books/2" for 127.0.0.1 at 2017-06-13 10:53:52 +0900
Processing by BooksController#destroy as HTML
  Parameters: {"authenticity_token"=>"tNIYF1oN7r+JOn8gOW6QyonPGLZS2DtIeUPitXbS7EM13TQ0YO/d7u42e1nwhLfb+pp9/mFsXgr6rwZ4l7Zxjg==", "id"=>"2"}
  [1m[36mBook Load (0.1ms)[0m  [1m[34mSELECT  "books".* FROM "books" WHERE "books"."id" = ? LIMIT ?[0m  [["id", 2], ["LIMIT", 1]]
  [1m[35m (0.0ms)[0m  [1m[36mbegin transaction[0m
  [1m[35mSQL (0.2ms)[0m  [1m[31mDELETE FROM "books" WHERE "books"."id" = ?[0m  [["id", 2]]
  [1m[35m (2.2ms)[0m  [1m[36mcommit transaction[0m
Redirected to http://localhost:3000/books
Completed 302 Found in 6ms (ActiveRecord: 2.6ms)


Started GET "/books" for 127.0.0.1 at 2017-06-13 10:53:52 +0900
Processing by BooksController#index as HTML
  Rendering books/index.html.erb within layouts/application
  [1m[36mBook Load (0.2ms)[0m  [1m[34mSELECT "books".* FROM "books"[0m
  Rendered books/index.html.erb within layouts/application (1.8ms)
Completed 200 OK in 22ms (Views: 18.4ms | ActiveRecord: 0.2ms)


Started GET "/books/new" for 127.0.0.1 at 2017-06-13 10:53:57 +0900
Processing by BooksController#new as HTML
  Rendering books/new.html.erb within layouts/application
  Rendered books/_form.html.erb (3.2ms)
  Rendered books/new.html.erb within layouts/application (5.9ms)
Completed 200 OK in 27ms (Views: 25.3ms | ActiveRecord: 0.0ms)


Started GET "/books/new" for 127.0.0.1 at 2017-06-13 12:16:50 +0900
  [1m[36mActiveRecord::SchemaMigration Load (0.1ms)[0m  [1m[34mSELECT "schema_migrations".* FROM "schema_migrations"[0m
Processing by BooksController#new as HTML
  Rendering books/new.html.erb within layouts/application
  Rendered books/_form.html.erb (22.8ms)
  Rendered books/new.html.erb within layouts/application (26.4ms)
Completed 200 OK in 232ms (Views: 214.3ms | ActiveRecord: 0.6ms)


Started GET "/books" for 127.0.0.1 at 2017-06-13 12:16:53 +0900
Processing by BooksController#index as HTML
  Rendering books/index.html.erb within layouts/application
  [1m[36mBook Load (0.3ms)[0m  [1m[34mSELECT "books".* FROM "books"[0m
  Rendered books/index.html.erb within layouts/application (2.9ms)
Completed 200 OK in 24ms (Views: 20.7ms | ActiveRecord: 0.3ms)


Started GET "/books/1" for 127.0.0.1 at 2017-06-13 12:17:12 +0900
Processing by BooksController#show as HTML
  Parameters: {"id"=>"1"}
  [1m[36mBook Load (0.4ms)[0m  [1m[34mSELECT  "books".* FROM "books" WHERE "books"."id" = ? LIMIT ?[0m  [["id", 1], ["LIMIT", 1]]
  Rendering books/show.html.erb within layouts/application
  Rendered books/show.html.erb within layouts/application (0.9ms)
Completed 200 OK in 26ms (Views: 19.6ms | ActiveRecord: 0.4ms)


Started GET "/books" for 127.0.0.1 at 2017-06-13 12:20:48 +0900
Processing by BooksController#index as HTML
  Rendering books/index.html.erb within layouts/application
  [1m[36mBook Load (0.3ms)[0m  [1m[34mSELECT "books".* FROM "books"[0m
  Rendered books/index.html.erb within layouts/application (3.2ms)
Completed 200 OK in 28ms (Views: 23.4ms | ActiveRecord: 0.3ms)


Started GET "/books/new" for 127.0.0.1 at 2017-06-13 12:20:49 +0900
Processing by BooksController#new as HTML
  Rendering books/new.html.erb within layouts/application
  Rendered books/_form.html.erb (3.5ms)
  Rendered books/new.html.erb within layouts/application (6.4ms)
Completed 200 OK in 42ms (Views: 39.1ms | ActiveRecord: 0.0ms)


Started GET "/books" for 127.0.0.1 at 2017-06-13 12:53:12 +0900
Processing by BooksController#index as HTML
  Rendering books/index.html.erb within layouts/application
  [1m[36mBook Load (0.2ms)[0m  [1m[34mSELECT "books".* FROM "books"[0m
  Rendered books/index.html.erb within layouts/application (2.5ms)
Completed 200 OK in 31ms (Views: 26.5ms | ActiveRecord: 0.2ms)


Started GET "/books/1/edit" for 127.0.0.1 at 2017-06-13 12:53:14 +0900
Processing by BooksController#edit as HTML
  Parameters: {"id"=>"1"}
  [1m[36mBook Load (0.1ms)[0m  [1m[34mSELECT  "books".* FROM "books" WHERE "books"."id" = ? LIMIT ?[0m  [["id", 1], ["LIMIT", 1]]
  Rendering books/edit.html.erb within layouts/application
  Rendered books/_form.html.erb (2.8ms)
  Rendered books/edit.html.erb within layouts/application (5.4ms)
Completed 200 OK in 28ms (Views: 25.2ms | ActiveRecord: 0.1ms)


Started PATCH "/books/1" for 127.0.0.1 at 2017-06-13 12:53:21 +0900
Processing by BooksController#update as HTML
  Parameters: {"utf8"=>"âœ“", "authenticity_token"=>"QJk9gE/ZMcHo5aXn6s4hmIBEULX25xsmXNSbUtTGyomOJVWIYyorMYOf0MNdWLsJ098rHy3jHzspwuVb5629UA==", "book"=>{"title"=>"rails", "price"=>"2470", "description"=>"railsã«é–¢ã™ã‚‹æœ¬ã§ã™ã€‚", "rating"=>"100"}, "commit"=>"Update Book", "id"=>"1"}
  [1m[36mBook Load (0.1ms)[0m  [1m[34mSELECT  "books".* FROM "books" WHERE "books"."id" = ? LIMIT ?[0m  [["id", 1], ["LIMIT", 1]]
  [1m[35m (0.1ms)[0m  [1m[36mbegin transaction[0m
  [1m[35m (0.1ms)[0m  [1m[36mcommit transaction[0m
Redirected to http://localhost:3000/books/1
Completed 302 Found in 4ms (ActiveRecord: 0.3ms)


Started GET "/books/1" for 127.0.0.1 at 2017-06-13 12:53:21 +0900
Processing by BooksController#show as HTML
  Parameters: {"id"=>"1"}
  [1m[36mBook Load (0.1ms)[0m  [1m[34mSELECT  "books".* FROM "books" WHERE "books"."id" = ? LIMIT ?[0m  [["id", 1], ["LIMIT", 1]]
  Rendering books/show.html.erb within layouts/application
  Rendered books/show.html.erb within layouts/application (0.9ms)
Completed 200 OK in 40ms (Views: 38.0ms | ActiveRecord: 0.1ms)


Started GET "/books" for 127.0.0.1 at 2017-06-13 12:53:24 +0900
Processing by BooksController#index as HTML
  Rendering books/index.html.erb within layouts/application
  [1m[36mBook Load (0.2ms)[0m  [1m[34mSELECT "books".* FROM "books"[0m
  Rendered books/index.html.erb within layouts/application (2.3ms)
Completed 200 OK in 28ms (Views: 26.5ms | ActiveRecord: 0.2ms)


Started GET "/books/new" for 127.0.0.1 at 2017-06-13 12:53:33 +0900
Processing by BooksController#new as HTML
  Rendering books/new.html.erb within layouts/application
  Rendered books/_form.html.erb (3.4ms)
  Rendered books/new.html.erb within layouts/application (5.6ms)
Completed 200 OK in 35ms (Views: 30.9ms | ActiveRecord: 0.0ms)


Started GET "/books" for 127.0.0.1 at 2017-06-13 13:00:11 +0900
Processing by BooksController#index as HTML
  Rendering books/index.html.erb within layouts/application
  [1m[36mBook Load (0.2ms)[0m  [1m[34mSELECT "books".* FROM "books"[0m
  Rendered books/index.html.erb within layouts/application (2.3ms)
Completed 200 OK in 31ms (Views: 28.1ms | ActiveRecord: 0.2ms)


Started GET "/books/1/edit" for 127.0.0.1 at 2017-06-13 13:00:13 +0900
Processing by BooksController#edit as HTML
  Parameters: {"id"=>"1"}
  [1m[36mBook Load (0.3ms)[0m  [1m[34mSELECT  "books".* FROM "books" WHERE "books"."id" = ? LIMIT ?[0m  [["id", 1], ["LIMIT", 1]]
  Rendering books/edit.html.erb within layouts/application
  Rendered books/_form.html.erb (4.5ms)
  Rendered books/edit.html.erb within layouts/application (6.4ms)
Completed 200 OK in 39ms (Views: 34.6ms | ActiveRecord: 0.3ms)


Started GET "/books/1" for 127.0.0.1 at 2017-06-13 13:00:16 +0900
Processing by BooksController#show as HTML
  Parameters: {"id"=>"1"}
  [1m[36mBook Load (0.1ms)[0m  [1m[34mSELECT  "books".* FROM "books" WHERE "books"."id" = ? LIMIT ?[0m  [["id", 1], ["LIMIT", 1]]
  Rendering books/show.html.erb within layouts/application
  Rendered books/show.html.erb within layouts/application (1.4ms)
Completed 200 OK in 41ms (Views: 38.0ms | ActiveRecord: 0.1ms)


Started GET "/books" for 127.0.0.1 at 2017-06-13 13:00:19 +0900
Processing by BooksController#index as HTML
  Rendering books/index.html.erb within layouts/application
  [1m[36mBook Load (0.3ms)[0m  [1m[34mSELECT "books".* FROM "books"[0m
  Rendered books/index.html.erb within layouts/application (3.3ms)
Completed 200 OK in 37ms (Views: 32.6ms | ActiveRecord: 0.2ms)


Started GET "/books/new" for 127.0.0.1 at 2017-06-13 13:00:20 +0900
Processing by BooksController#new as HTML
  Rendering books/new.html.erb within layouts/application
  Rendered books/_form.html.erb (5.7ms)
  Rendered books/new.html.erb within layouts/application (8.3ms)
Completed 200 OK in 43ms (Views: 39.6ms | ActiveRecord: 0.0ms)


Started POST "/books" for 127.0.0.1 at 2017-06-13 13:09:39 +0900
Processing by BooksController#create as HTML
  Parameters: {"utf8"=>"âœ“", "authenticity_token"=>"U5zSsjDn7GagHyhxSpZCvvYLXbw8+P1Qo9+Jxa+d2aqzQBlzbDXm+7y7kZpKhpPHtO7WEPT7PvFRSuqqzmRqnw==", "book"=>{"title"=>"é«˜æ©‹ã¿ãªã¿", "price"=>"1234", "description"=>"ç·é¸æŒ™", "rating"=>"54"}, "commit"=>"Create Book"}
  [1m[35m (0.1ms)[0m  [1m[36mbegin transaction[0m
  [1m[35mSQL (0.4ms)[0m  [1m[32mINSERT INTO "books" ("title", "price", "description", "rating", "created_at", "updated_at") VALUES (?, ?, ?, ?, ?, ?)[0m  [["title", "é«˜æ©‹ã¿ãªã¿"], ["price", 1234], ["description", "ç·é¸æŒ™"], ["rating", 54], ["created_at", "2017-06-13 04:09:39.634421"], ["updated_at", "2017-06-13 04:09:39.634421"]]
  [1m[35m (0.8ms)[0m  [1m[36mcommit transaction[0m
Redirected to http://localhost:3000/books/3
Completed 302 Found in 5ms (ActiveRecord: 1.3ms)


Started GET "/books/3" for 127.0.0.1 at 2017-06-13 13:09:39 +0900
Processing by BooksController#show as HTML
  Parameters: {"id"=>"3"}
  [1m[36mBook Load (0.1ms)[0m  [1m[34mSELECT  "books".* FROM "books" WHERE "books"."id" = ? LIMIT ?[0m  [["id", 3], ["LIMIT", 1]]
  Rendering books/show.html.erb within layouts/application
  Rendered books/show.html.erb within layouts/application (1.1ms)
Completed 200 OK in 25ms (Views: 22.0ms | ActiveRecord: 0.1ms)


Started GET "/books" for 127.0.0.1 at 2017-06-13 13:09:42 +0900
Processing by BooksController#index as HTML
  Rendering books/index.html.erb within layouts/application
  [1m[36mBook Load (0.2ms)[0m  [1m[34mSELECT "books".* FROM "books"[0m
  Rendered books/index.html.erb within layouts/application (3.9ms)
Completed 200 OK in 27ms (Views: 25.0ms | ActiveRecord: 0.2ms)


Started GET "/books/new" for 127.0.0.1 at 2017-06-13 13:09:45 +0900
Processing by BooksController#new as HTML
  Rendering books/new.html.erb within layouts/application
  Rendered books/_form.html.erb (2.7ms)
  Rendered books/new.html.erb within layouts/application (4.9ms)
Completed 200 OK in 28ms (Views: 24.7ms | ActiveRecord: 0.0ms)


Started POST "/books" for 127.0.0.1 at 2017-06-13 13:10:06 +0900
Processing by BooksController#create as HTML
  Parameters: {"utf8"=>"âœ“", "authenticity_token"=>"6ZMnxXe39TSDT23rDorBND5Hoj2do7HLwEa9qgw1FTIJT+wEK2X/qZ/r1AAOmhBNfKIpkVWgcmoy097FbcymBw==", "book"=>{"title"=>"æ–‡ç§‘çœ", "price"=>"12444", "description"=>"éš è”½", "rating"=>"90"}, "commit"=>"Create Book"}
  [1m[35m (0.1ms)[0m  [1m[36mbegin transaction[0m
  [1m[35mSQL (0.3ms)[0m  [1m[32mINSERT INTO "books" ("title", "price", "description", "rating", "created_at", "updated_at") VALUES (?, ?, ?, ?, ?, ?)[0m  [["title", "æ–‡ç§‘çœ"], ["price", 12444], ["description", "éš è”½"], ["rating", 90], ["created_at", "2017-06-13 04:10:06.185402"], ["updated_at", "2017-06-13 04:10:06.185402"]]
  [1m[35m (0.9ms)[0m  [1m[36mcommit transaction[0m
Redirected to http://localhost:3000/books/4
Completed 302 Found in 4ms (ActiveRecord: 1.3ms)


Started GET "/books/4" for 127.0.0.1 at 2017-06-13 13:10:06 +0900
Processing by BooksController#show as HTML
  Parameters: {"id"=>"4"}
  [1m[36mBook Load (0.2ms)[0m  [1m[34mSELECT  "books".* FROM "books" WHERE "books"."id" = ? LIMIT ?[0m  [["id", 4], ["LIMIT", 1]]
  Rendering books/show.html.erb within layouts/application
  Rendered books/show.html.erb within layouts/application (0.8ms)
Completed 200 OK in 26ms (Views: 23.4ms | ActiveRecord: 0.2ms)


Started GET "/books" for 127.0.0.1 at 2017-06-13 13:10:08 +0900
Processing by BooksController#index as HTML
  Rendering books/index.html.erb within layouts/application
  [1m[36mBook Load (0.2ms)[0m  [1m[34mSELECT "books".* FROM "books"[0m
  Rendered books/index.html.erb within layouts/application (2.2ms)
Completed 200 OK in 23ms (Views: 20.2ms | ActiveRecord: 0.2ms)


Started GET "/books/new" for 127.0.0.1 at 2017-06-13 15:23:57 +0900
Processing by BooksController#new as HTML
  Rendering books/new.html.erb within layouts/application
  Rendered books/_form.html.erb (3.8ms)
  Rendered books/new.html.erb within layouts/application (6.4ms)
Completed 200 OK in 27ms (Views: 25.4ms | ActiveRecord: 0.0ms)


Started POST "/books" for 127.0.0.1 at 2017-06-13 15:33:30 +0900
Processing by BooksController#create as HTML
  Parameters: {"utf8"=>"âœ“", "authenticity_token"=>"gQeYyz6eAGlmvRGwSyFu8Z+GphaFqqVMRvIfKJcsYk5h21MKYkwK9HoZqFtLMb+I3WMtuk2pZu20Z3xH9tXRew==", "book"=>{"title"=>"", "price"=>"4", "description"=>"uhuhu", "rating"=>"90"}, "commit"=>"Create Book"}
  [1m[35m (0.1ms)[0m  [1m[36mbegin transaction[0m
  [1m[35m (0.1ms)[0m  [1m[31mrollback transaction[0m
  Rendering books/new.html.erb within layouts/application
  Rendered books/_form.html.erb (3.9ms)
  Rendered books/new.html.erb within layouts/application (5.3ms)
Completed 200 OK in 35ms (Views: 21.5ms | ActiveRecord: 0.8ms)


Started POST "/books" for 127.0.0.1 at 2017-06-13 15:34:29 +0900
Processing by BooksController#create as HTML
  Parameters: {"utf8"=>"âœ“", "authenticity_token"=>"2Z/b5WIW7UPxkk2pdBVkWLBwYPCN505H29x7d3IiYBxYkPfGWPTeEpaeSdC9/0NJwyUFuL5TKwVYMJ+6k0b90Q==", "book"=>{"title"=>"jijiji", "price"=>"", "description"=>"uhuhu", "rating"=>"90"}, "commit"=>"Create Book"}
  [1m[35m (0.0ms)[0m  [1m[36mbegin transaction[0m
  [1m[35m (0.0ms)[0m  [1m[31mrollback transaction[0m
  Rendering books/new.html.erb within layouts/application
  Rendered books/_form.html.erb (2.7ms)
  Rendered books/new.html.erb within layouts/application (4.2ms)
Completed 200 OK in 30ms (Views: 19.8ms | ActiveRecord: 0.7ms)


Started POST "/books" for 127.0.0.1 at 2017-06-13 15:34:36 +0900
Processing by BooksController#create as HTML
  Parameters: {"utf8"=>"âœ“", "authenticity_token"=>"2Z/b5WIW7UPxkk2pdBVkWLBwYPCN505H29x7d3IiYBxYkPfGWPTeEpaeSdC9/0NJwyUFuL5TKwVYMJ+6k0b90Q==", "book"=>{"title"=>"jijiji", "price"=>"32", "description"=>"uhuhu", "rating"=>""}, "commit"=>"Create Book"}
  [1m[35m (0.1ms)[0m  [1m[36mbegin transaction[0m
  [1m[35m (0.0ms)[0m  [1m[31mrollback transaction[0m
  Rendering books/new.html.erb within layouts/application
  Rendered books/_form.html.erb (4.6ms)
  Rendered books/new.html.erb within layouts/application (6.5ms)
Completed 200 OK in 27ms (Views: 24.3ms | ActiveRecord: 0.1ms)


Started POST "/books" for 127.0.0.1 at 2017-06-13 15:34:43 +0900
Processing by BooksController#create as HTML
  Parameters: {"utf8"=>"âœ“", "authenticity_token"=>"2Z/b5WIW7UPxkk2pdBVkWLBwYPCN505H29x7d3IiYBxYkPfGWPTeEpaeSdC9/0NJwyUFuL5TKwVYMJ+6k0b90Q==", "book"=>{"title"=>"jijiji", "price"=>"32", "description"=>"uhuhu", "rating"=>"54"}, "commit"=>"Create Book"}
  [1m[35m (0.1ms)[0m  [1m[36mbegin transaction[0m
  [1m[35mSQL (0.5ms)[0m  [1m[32mINSERT INTO "books" ("title", "price", "description", "rating", "created_at", "updated_at") VALUES (?, ?, ?, ?, ?, ?)[0m  [["title", "jijiji"], ["price", 32], ["description", "uhuhu"], ["rating", 54], ["created_at", "2017-06-13 06:34:43.537891"], ["updated_at", "2017-06-13 06:34:43.537891"]]
  [1m[35m (2.7ms)[0m  [1m[36mcommit transaction[0m
Redirected to http://localhost:3000/books/5
Completed 302 Found in 7ms (ActiveRecord: 3.2ms)


Started GET "/books/5" for 127.0.0.1 at 2017-06-13 15:34:43 +0900
Processing by BooksController#show as HTML
  Parameters: {"id"=>"5"}
  [1m[36mBook Load (0.2ms)[0m  [1m[34mSELECT  "books".* FROM "books" WHERE "books"."id" = ? LIMIT ?[0m  [["id", 5], ["LIMIT", 1]]
  Rendering books/show.html.erb within layouts/application
  Rendered books/show.html.erb within layouts/application (0.8ms)
Completed 200 OK in 21ms (Views: 17.8ms | ActiveRecord: 0.2ms)


Started GET "/books/5/edit" for 127.0.0.1 at 2017-06-13 15:34:46 +0900
Processing by BooksController#edit as HTML
  Parameters: {"id"=>"5"}
  [1m[36mBook Load (0.1ms)[0m  [1m[34mSELECT  "books".* FROM "books" WHERE "books"."id" = ? LIMIT ?[0m  [["id", 5], ["LIMIT", 1]]
  Rendering books/edit.html.erb within layouts/application
  Rendered books/_form.html.erb (4.3ms)
  Rendered books/edit.html.erb within layouts/application (6.3ms)
Completed 200 OK in 27ms (Views: 24.6ms | ActiveRecord: 0.1ms)


Started PATCH "/books/5" for 127.0.0.1 at 2017-06-13 15:34:52 +0900
Processing by BooksController#update as HTML
  Parameters: {"utf8"=>"âœ“", "authenticity_token"=>"aDWcEdA4p3eXOz83T5cup04PxxfIJK6eJ1/XfxIHlP80wH65t9NSs6o+0/dV6AqtKM0NGXKZRq1yyaiz+GJTrQ==", "book"=>{"title"=>"jijiji", "price"=>"32", "description"=>"uhuhu", "rating"=>"54"}, "commit"=>"Update Book", "id"=>"5"}
  [1m[36mBook Load (0.1ms)[0m  [1m[34mSELECT  "books".* FROM "books" WHERE "books"."id" = ? LIMIT ?[0m  [["id", 5], ["LIMIT", 1]]
  [1m[35m (0.1ms)[0m  [1m[36mbegin transaction[0m
  [1m[35m (0.0ms)[0m  [1m[36mcommit transaction[0m
Redirected to http://localhost:3000/books/5
Completed 302 Found in 3ms (ActiveRecord: 0.2ms)


Started GET "/books/5" for 127.0.0.1 at 2017-06-13 15:34:52 +0900
Processing by BooksController#show as HTML
  Parameters: {"id"=>"5"}
  [1m[36mBook Load (0.1ms)[0m  [1m[34mSELECT  "books".* FROM "books" WHERE "books"."id" = ? LIMIT ?[0m  [["id", 5], ["LIMIT", 1]]
  Rendering books/show.html.erb within layouts/application
  Rendered books/show.html.erb within layouts/application (0.7ms)
Completed 200 OK in 25ms (Views: 22.6ms | ActiveRecord: 0.1ms)


Started GET "/books" for 127.0.0.1 at 2017-06-13 15:34:54 +0900
Processing by BooksController#index as HTML
  Rendering books/index.html.erb within layouts/application
  [1m[36mBook Load (0.2ms)[0m  [1m[34mSELECT "books".* FROM "books"[0m
  Rendered books/index.html.erb within layouts/application (3.0ms)
Completed 200 OK in 26ms (Views: 23.9ms | ActiveRecord: 0.2ms)


Started GET "/books/1" for 127.0.0.1 at 2017-06-13 15:35:11 +0900
Processing by BooksController#show as HTML
  Parameters: {"id"=>"1"}
  [1m[36mBook Load (0.1ms)[0m  [1m[34mSELECT  "books".* FROM "books" WHERE "books"."id" = ? LIMIT ?[0m  [["id", 1], ["LIMIT", 1]]
  Rendering books/show.html.erb within layouts/application
  Rendered books/show.html.erb within layouts/application (1.0ms)
Completed 200 OK in 25ms (Views: 20.4ms | ActiveRecord: 0.1ms)


Started GET "/books/1" for 127.0.0.1 at 2017-06-13 16:18:23 +0900
Processing by BooksController#show as HTML
  Parameters: {"id"=>"1"}
  [1m[36mBook Load (0.2ms)[0m  [1m[34mSELECT  "books".* FROM "books" WHERE "books"."id" = ? LIMIT ?[0m  [["id", 1], ["LIMIT", 1]]
  Rendering books/show.html.erb within layouts/application
  Rendered books/show.html.erb within layouts/application (1.4ms)
Completed 200 OK in 28ms (Views: 24.5ms | ActiveRecord: 0.2ms)


Started GET "/books" for 127.0.0.1 at 2017-06-13 17:44:49 +0900
  [1m[36mActiveRecord::SchemaMigration Load (0.2ms)[0m  [1m[34mSELECT "schema_migrations".* FROM "schema_migrations"[0m
Processing by BooksController#index as HTML
  Rendering books/index.html.erb within layouts/application
  [1m[36mBook Load (0.1ms)[0m  [1m[34mSELECT "books".* FROM "books"[0m
  Rendered books/index.html.erb within layouts/application (17.8ms)
Completed 200 OK in 226ms (Views: 214.7ms | ActiveRecord: 0.7ms)


Started GET "/books/new" for 127.0.0.1 at 2017-06-13 17:44:51 +0900
Processing by BooksController#new as HTML
  Rendering books/new.html.erb within layouts/application
  Rendered books/_form.html.erb (13.5ms)
  Rendered books/new.html.erb within layouts/application (15.8ms)
Completed 200 OK in 40ms (Views: 37.3ms | ActiveRecord: 0.0ms)


Started POST "/books" for 127.0.0.1 at 2017-06-13 17:45:11 +0900
Processing by BooksController#create as HTML
  Parameters: {"utf8"=>"âœ“", "authenticity_token"=>"CXLrq6eDi0GP8P3496Bk5bMrixEWA+6bZCHPgS9aaGTpriBq+1GB3JNURBP3sLWc8c4Avd4ALTqWtKzuTqPbUQ==", "book"=>{"title"=>"å¾©è®", "price"=>"6789", "description"=>"death", "rating"=>"43"}, "commit"=>"Create Book"}
  [1m[35m (0.4ms)[0m  [1m[36mbegin transaction[0m
  [1m[35mSQL (0.4ms)[0m  [1m[32mINSERT INTO "books" ("title", "price", "description", "rating", "created_at", "updated_at") VALUES (?, ?, ?, ?, ?, ?)[0m  [["title", "å¾©è®"], ["price", 6789], ["description", "death"], ["rating", 43], ["created_at", "2017-06-13 08:45:11.503486"], ["updated_at", "2017-06-13 08:45:11.503486"]]
  [1m[35m (0.9ms)[0m  [1m[36mcommit transaction[0m
Redirected to http://localhost:3000/books/6
Completed 302 Found in 7ms (ActiveRecord: 1.7ms)


Started GET "/books/6" for 127.0.0.1 at 2017-06-13 17:45:11 +0900
Processing by BooksController#show as HTML
  Parameters: {"id"=>"6"}
  [1m[36mBook Load (0.2ms)[0m  [1m[34mSELECT  "books".* FROM "books" WHERE "books"."id" = ? LIMIT ?[0m  [["id", 6], ["LIMIT", 1]]
  Rendering books/show.html.erb within layouts/application
  Rendered books/show.html.erb within layouts/application (0.8ms)
Completed 200 OK in 21ms (Views: 16.3ms | ActiveRecord: 0.2ms)


Started GET "/books" for 127.0.0.1 at 2017-06-13 17:45:16 +0900
Processing by BooksController#index as HTML
  Rendering books/index.html.erb within layouts/application
  [1m[36mBook Load (0.2ms)[0m  [1m[34mSELECT "books".* FROM "books"[0m
  Rendered books/index.html.erb within layouts/application (3.0ms)
Completed 200 OK in 24ms (Views: 20.2ms | ActiveRecord: 0.2ms)


Started GET "/books/new" for 127.0.0.1 at 2017-06-13 18:03:24 +0900
Processing by BooksController#new as HTML
  Rendering books/new.html.erb within layouts/application
  Rendered books/_form.html.erb (12.8ms)
  Rendered books/new.html.erb within layouts/application (19.0ms)
Completed 200 OK in 77ms (Views: 65.2ms | ActiveRecord: 0.0ms)


Started GET "/books/new" for 127.0.0.1 at 2017-06-13 18:03:58 +0900
Processing by BooksController#new as HTML
  Rendering books/new.html.erb within layouts/application
  Rendered books/_form.html.erb (7.4ms)
  Rendered books/new.html.erb within layouts/application (10.4ms)
Completed 200 OK in 40ms (Views: 36.0ms | ActiveRecord: 0.0ms)


Started GET "/books" for 127.0.0.1 at 2017-06-13 18:04:00 +0900
Processing by BooksController#index as HTML
  Rendering books/index.html.erb within layouts/application
  [1m[36mBook Load (1.0ms)[0m  [1m[34mSELECT "books".* FROM "books"[0m
  Rendered books/index.html.erb within layouts/application (10.0ms)
Completed 200 OK in 39ms (Views: 33.7ms | ActiveRecord: 1.0ms)


Started GET "/books/3" for 127.0.0.1 at 2017-06-13 18:04:03 +0900
Processing by BooksController#show as HTML
  Parameters: {"id"=>"3"}
  [1m[36mBook Load (0.5ms)[0m  [1m[34mSELECT  "books".* FROM "books" WHERE "books"."id" = ? LIMIT ?[0m  [["id", 3], ["LIMIT", 1]]
  Rendering books/show.html.erb within layouts/application
  Rendered books/show.html.erb within layouts/application (0.9ms)
Completed 200 OK in 114ms (Views: 106.2ms | ActiveRecord: 0.5ms)


Started GET "/books/3/edit" for 127.0.0.1 at 2017-06-13 18:04:12 +0900
Processing by BooksController#edit as HTML
  Parameters: {"id"=>"3"}
  [1m[36mBook Load (0.1ms)[0m  [1m[34mSELECT  "books".* FROM "books" WHERE "books"."id" = ? LIMIT ?[0m  [["id", 3], ["LIMIT", 1]]
  Rendering books/edit.html.erb within layouts/application
  Rendered books/_form.html.erb (3.4ms)
  Rendered books/edit.html.erb within layouts/application (5.5ms)
Completed 200 OK in 39ms (Views: 33.4ms | ActiveRecord: 0.1ms)


Started GET "/books" for 127.0.0.1 at 2017-06-13 18:04:14 +0900
Processing by BooksController#index as HTML
  Rendering books/index.html.erb within layouts/application
  [1m[36mBook Load (0.2ms)[0m  [1m[34mSELECT "books".* FROM "books"[0m
  Rendered books/index.html.erb within layouts/application (4.6ms)
Completed 200 OK in 41ms (Views: 36.2ms | ActiveRecord: 0.2ms)


Started GET "/books/6" for 127.0.0.1 at 2017-06-13 18:05:15 +0900
Processing by BooksController#show as HTML
  Parameters: {"id"=>"6"}
  [1m[36mBook Load (0.1ms)[0m  [1m[34mSELECT  "books".* FROM "books" WHERE "books"."id" = ? LIMIT ?[0m  [["id", 6], ["LIMIT", 1]]
  Rendering books/show.html.erb within layouts/application
  Rendered books/show.html.erb within layouts/application (1.2ms)
Completed 200 OK in 40ms (Views: 35.7ms | ActiveRecord: 0.1ms)


Started GET "/books" for 127.0.0.1 at 2017-06-13 18:26:54 +0900
  [1m[36mActiveRecord::SchemaMigration Load (0.1ms)[0m  [1m[34mSELECT "schema_migrations".* FROM "schema_migrations"[0m
Processing by BooksController#index as HTML
  Rendering books/index.html.erb within layouts/application
  [1m[36mBook Load (0.3ms)[0m  [1m[34mSELECT "books".* FROM "books"[0m
  Rendered books/index.html.erb within layouts/application (23.0ms)
Completed 200 OK in 250ms (Views: 233.8ms | ActiveRecord: 1.1ms)


Started GET "/books/new" for 127.0.0.1 at 2017-06-13 18:26:56 +0900
Processing by BooksController#new as HTML
  Rendering books/new.html.erb within layouts/application
  Rendered books/_form.html.erb (16.3ms)
  Rendered books/new.html.erb within layouts/application (18.6ms)
Completed 200 OK in 41ms (Views: 37.4ms | ActiveRecord: 0.0ms)


Started POST "/books" for 127.0.0.1 at 2017-06-13 18:30:23 +0900
Processing by BooksController#create as HTML
  Parameters: {"utf8"=>"âœ“", "authenticity_token"=>"eYXSYTxvbOt0JZiFGh81fA71bClgx5DhjvW4k+lSfbaZWRmgYL1mdmiBIW4aD+QFTBDnhajEU0B8YNv8iKvOgw==", "book"=>{"title"=>"", "price"=>"600", "description"=>"jijijijiji", "rating"=>""}, "commit"=>"Create Book"}
  [1m[35m (0.3ms)[0m  [1m[36mbegin transaction[0m
  [1m[35m (0.1ms)[0m  [1m[31mrollback transaction[0m
  Rendering books/new.html.erb within layouts/application
  Rendered books/_form.html.erb (3.3ms)
  Rendered books/new.html.erb within layouts/application (5.1ms)
Completed 200 OK in 27ms (Views: 21.3ms | ActiveRecord: 0.4ms)


Started GET "/books" for 127.0.0.1 at 2017-06-13 18:30:27 +0900
Processing by BooksController#index as HTML
  Rendering books/index.html.erb within layouts/application
  [1m[36mBook Load (0.2ms)[0m  [1m[34mSELECT "books".* FROM "books"[0m
  Rendered books/index.html.erb within layouts/application (2.5ms)
Completed 200 OK in 27ms (Views: 23.1ms | ActiveRecord: 0.2ms)


Started GET "/books/1" for 127.0.0.1 at 2017-06-13 18:35:05 +0900
Processing by BooksController#show as HTML
  Parameters: {"id"=>"1"}
  [1m[36mBook Load (0.2ms)[0m  [1m[34mSELECT  "books".* FROM "books" WHERE "books"."id" = ? LIMIT ?[0m  [["id", 1], ["LIMIT", 1]]
  Rendering books/show.html.erb within layouts/application
  Rendered books/show.html.erb within layouts/application (0.8ms)
Completed 200 OK in 26ms (Views: 18.8ms | ActiveRecord: 0.2ms)


Started GET "/books/1" for 127.0.0.1 at 2017-06-13 18:35:40 +0900
Processing by BooksController#show as HTML
  Parameters: {"id"=>"1"}
  [1m[36mBook Load (0.2ms)[0m  [1m[34mSELECT  "books".* FROM "books" WHERE "books"."id" = ? LIMIT ?[0m  [["id", 1], ["LIMIT", 1]]
  Rendering books/show.html.erb within layouts/application
  Rendered books/show.html.erb within layouts/application (0.7ms)
Completed 200 OK in 32ms (Views: 27.7ms | ActiveRecord: 0.2ms)


Started GET "/books" for 127.0.0.1 at 2017-06-13 20:23:05 +0900
  [1m[36mActiveRecord::SchemaMigration Load (0.2ms)[0m  [1m[34mSELECT "schema_migrations".* FROM "schema_migrations"[0m
Processing by BooksController#index as HTML
  Rendering books/index.html.erb within layouts/application
  [1m[36mBook Load (0.3ms)[0m  [1m[34mSELECT "books".* FROM "books"[0m
  Rendered books/index.html.erb within layouts/application (26.1ms)
Completed 200 OK in 255ms (Views: 240.3ms | ActiveRecord: 0.8ms)


Started GET "/books/new" for 127.0.0.1 at 2017-06-13 20:23:12 +0900
Processing by BooksController#new as HTML
  Rendering books/new.html.erb within layouts/application
  Rendered books/_form.html.erb (16.8ms)
  Rendered books/new.html.erb within layouts/application (19.3ms)
Completed 200 OK in 41ms (Views: 38.6ms | ActiveRecord: 0.0ms)


Started POST "/books" for 127.0.0.1 at 2017-06-13 20:23:20 +0900
Processing by BooksController#create as HTML
  Parameters: {"utf8"=>"âœ“", "authenticity_token"=>"guRtpjU72onTyeefQTR6XROnP3FgomPB0wPwCzozAx5iOKZnaenQFM9tXnRBJKskUUK03aihoGAhlpNkW8qwKw==", "book"=>{"title"=>"", "price"=>"", "description"=>"", "rating"=>""}, "commit"=>"Create Book"}
  [1m[35m (0.7ms)[0m  [1m[36mbegin transaction[0m
  [1m[35m (0.1ms)[0m  [1m[31mrollback transaction[0m
  Rendering books/new.html.erb within layouts/application
  Rendered books/_form.html.erb (3.8ms)
  Rendered books/new.html.erb within layouts/application (5.5ms)
Completed 200 OK in 28ms (Views: 22.1ms | ActiveRecord: 0.8ms)


Started GET "/books/new" for 127.0.0.1 at 2017-06-13 20:26:56 +0900
Processing by BooksController#new as HTML
  Rendering books/new.html.erb within layouts/application
  Rendered books/_form.html.erb (2.4ms)
  Rendered books/new.html.erb within layouts/application (4.1ms)
Completed 200 OK in 21ms (Views: 18.7ms | ActiveRecord: 0.0ms)


Started GET "/books" for 127.0.0.1 at 2017-06-13 20:26:57 +0900
Processing by BooksController#index as HTML
  Rendering books/index.html.erb within layouts/application
  [1m[36mBook Load (0.2ms)[0m  [1m[34mSELECT "books".* FROM "books"[0m
  Rendered books/index.html.erb within layouts/application (2.3ms)
Completed 200 OK in 27ms (Views: 22.6ms | ActiveRecord: 0.2ms)


Started GET "/books/new" for 127.0.0.1 at 2017-06-13 20:27:06 +0900
Processing by BooksController#new as HTML
  Rendering books/new.html.erb within layouts/application
  Rendered books/_form.html.erb (3.0ms)
  Rendered books/new.html.erb within layouts/application (6.0ms)
Completed 200 OK in 33ms (Views: 29.9ms | ActiveRecord: 0.0ms)


Started POST "/books" for 127.0.0.1 at 2017-06-13 20:27:28 +0900
Processing by BooksController#create as HTML
  Parameters: {"utf8"=>"âœ“", "authenticity_token"=>"5GQTR9EBkGuU0HaaLQe9mxsuKO545lWps5eYNYwhVT8EuNiGjdOa9oh0z3EtF2ziWcujQrDllghBAvta7djmCg==", "book"=>{"title"=>"ã‚µãƒƒã‚«ãƒ¼", "price"=>"600", "description"=>"ã‚¤ãƒ©ã‚¯æˆ¦", "rating"=>"67"}, "commit"=>"Create Book"}
  [1m[35m (0.1ms)[0m  [1m[36mbegin transaction[0m
  [1m[35mSQL (0.4ms)[0m  [1m[32mINSERT INTO "books" ("title", "price", "description", "rating", "created_at", "updated_at") VALUES (?, ?, ?, ?, ?, ?)[0m  [["title", "ã‚µãƒƒã‚«ãƒ¼"], ["price", 600], ["description", "ã‚¤ãƒ©ã‚¯æˆ¦"], ["rating", 67], ["created_at", "2017-06-13 11:27:28.731294"], ["updated_at", "2017-06-13 11:27:28.731294"]]
  [1m[35m (1.1ms)[0m  [1m[36mcommit transaction[0m
Redirected to http://localhost:3000/books/7
Completed 302 Found in 5ms (ActiveRecord: 1.5ms)


Started GET "/books/7" for 127.0.0.1 at 2017-06-13 20:27:28 +0900
Processing by BooksController#show as HTML
  Parameters: {"id"=>"7"}
  [1m[36mBook Load (0.2ms)[0m  [1m[34mSELECT  "books".* FROM "books" WHERE "books"."id" = ? LIMIT ?[0m  [["id", 7], ["LIMIT", 1]]
  Rendering books/show.html.erb within layouts/application
  Rendered books/show.html.erb within layouts/application (0.9ms)
Completed 200 OK in 24ms (Views: 18.8ms | ActiveRecord: 0.2ms)


Started GET "/books" for 127.0.0.1 at 2017-06-13 20:27:30 +0900
Processing by BooksController#index as HTML
  Rendering books/index.html.erb within layouts/application
  [1m[36mBook Load (0.3ms)[0m  [1m[34mSELECT "books".* FROM "books"[0m
  Rendered books/index.html.erb within layouts/application (3.5ms)
Completed 200 OK in 46ms (Views: 43.8ms | ActiveRecord: 0.3ms)


Started GET "/books/1/edit" for 127.0.0.1 at 2017-06-13 20:28:35 +0900
Processing by BooksController#edit as HTML
  Parameters: {"id"=>"1"}
  [1m[36mBook Load (0.2ms)[0m  [1m[34mSELECT  "books".* FROM "books" WHERE "books"."id" = ? LIMIT ?[0m  [["id", 1], ["LIMIT", 1]]
  Rendering books/edit.html.erb within layouts/application
  Rendered books/_form.html.erb (4.2ms)
  Rendered books/edit.html.erb within layouts/application (6.0ms)
Completed 200 OK in 34ms (Views: 28.6ms | ActiveRecord: 0.2ms)


Started PATCH "/books/1" for 127.0.0.1 at 2017-06-13 20:28:57 +0900
Processing by BooksController#update as HTML
  Parameters: {"utf8"=>"âœ“", "authenticity_token"=>"ZkRWKxzSJTWW7eCvMEX/q9eoflS6o7HLilZED0F6lkOo+D4jMCE/xf2XlYuH02U6hDMF/mGntdb/QDoGchHhmg==", "book"=>{"title"=>"rails", "price"=>"2470", "description"=>"railsã«é–¢ã™ã‚‹æœ¬ã§ã™ã€‚\r\néžå¸¸ã«é›£ã—ã„ã§ã™ï¼", "rating"=>"100"}, "commit"=>"Update Book", "id"=>"1"}
  [1m[36mBook Load (0.2ms)[0m  [1m[34mSELECT  "books".* FROM "books" WHERE "books"."id" = ? LIMIT ?[0m  [["id", 1], ["LIMIT", 1]]
  [1m[35m (0.1ms)[0m  [1m[36mbegin transaction[0m
  [1m[35mSQL (1.4ms)[0m  [1m[33mUPDATE "books" SET "description" = ?, "updated_at" = ? WHERE "books"."id" = ?[0m  [["description", "railsã«é–¢ã™ã‚‹æœ¬ã§ã™ã€‚\r\néžå¸¸ã«é›£ã—ã„ã§ã™ï¼"], ["updated_at", "2017-06-13 11:28:57.259016"], ["id", 1]]
  [1m[35m (2.3ms)[0m  [1m[36mcommit transaction[0m
Redirected to http://localhost:3000/books/1
Completed 302 Found in 10ms (ActiveRecord: 4.0ms)


Started GET "/books/1" for 127.0.0.1 at 2017-06-13 20:28:57 +0900
Processing by BooksController#show as HTML
  Parameters: {"id"=>"1"}
  [1m[36mBook Load (0.1ms)[0m  [1m[34mSELECT  "books".* FROM "books" WHERE "books"."id" = ? LIMIT ?[0m  [["id", 1], ["LIMIT", 1]]
  Rendering books/show.html.erb within layouts/application
  Rendered books/show.html.erb within layouts/application (1.0ms)
Completed 200 OK in 28ms (Views: 23.4ms | ActiveRecord: 0.1ms)


Started GET "/books" for 127.0.0.1 at 2017-06-13 20:29:00 +0900
Processing by BooksController#index as HTML
  Rendering books/index.html.erb within layouts/application
  [1m[36mBook Load (0.2ms)[0m  [1m[34mSELECT "books".* FROM "books"[0m
  Rendered books/index.html.erb within layouts/application (2.8ms)
Completed 200 OK in 29ms (Views: 25.3ms | ActiveRecord: 0.2ms)


